status file for recon-all
Sat Feb 19 20:46:51 -03 2022
#@# MotionCor Sat Feb 19 20:46:51 -03 2022
#@# Talairach Sat Feb 19 20:47:10 -03 2022
#@# Talairach Failure Detection Sat Feb 19 20:50:46 -03 2022
#@# Nu Intensity Correction Sat Feb 19 20:50:46 -03 2022
#@# Intensity Normalization Sat Feb 19 20:55:04 -03 2022
#@# Skull Stripping Sat Feb 19 20:57:16 -03 2022
#@# EM Registration Sat Feb 19 21:23:38 -03 2022
#@# CA Normalize Sat Feb 19 21:40:56 -03 2022
#@# CA Reg Sat Feb 19 21:42:41 -03 2022
#@# SubCort Seg Sun Feb 20 00:11:52 -03 2022
#@# Merge ASeg Sun Feb 20 01:09:33 -03 2022
#@# Intensity Normalization2 Sun Feb 20 01:09:34 -03 2022
#@# Mask BFS Sun Feb 20 01:13:03 -03 2022
#@# WM Segmentation Sun Feb 20 01:13:05 -03 2022
#@# Fill Sun Feb 20 01:15:15 -03 2022
#@# Tessellate lh Sun Feb 20 01:16:00 -03 2022
#@# Tessellate rh Sun Feb 20 01:16:07 -03 2022
#@# Smooth1 lh Sun Feb 20 01:16:16 -03 2022
#@# Smooth1 rh Sun Feb 20 01:16:21 -03 2022
#@# Inflation1 lh Sun Feb 20 01:16:25 -03 2022
#@# Inflation1 rh Sun Feb 20 01:16:51 -03 2022
#@# QSphere lh Sun Feb 20 01:17:19 -03 2022
#@# QSphere rh Sun Feb 20 01:19:59 -03 2022
#@# Fix Topology Copy lh Sun Feb 20 01:23:05 -03 2022
#@# Fix Topology Copy rh Sun Feb 20 01:23:29 -03 2022
#@# Fix Topology lh Sun Feb 20 01:23:43 -03 2022
#@# Fix Topology rh Sun Feb 20 01:39:41 -03 2022
#@# Make White Surf lh Sun Feb 20 01:54:22 -03 2022
#@# Make White Surf rh Sun Feb 20 01:58:18 -03 2022
#@# Smooth2 lh Sun Feb 20 02:01:48 -03 2022
#@# Smooth2 rh Sun Feb 20 02:01:52 -03 2022
#@# Inflation2 lh Sun Feb 20 02:01:57 -03 2022
#@# Inflation2 rh Sun Feb 20 02:02:21 -03 2022
#@# Curv .H and .K lh Sun Feb 20 02:02:47 -03 2022
#@# Curv .H and .K rh Sun Feb 20 02:03:49 -03 2022
#@# Curvature Stats lh Sun Feb 20 02:04:50 -03 2022
#@# Curvature Stats rh Sun Feb 20 02:04:54 -03 2022
#@# Sphere lh Sun Feb 20 02:04:57 -03 2022
#@# Sphere rh Sun Feb 20 02:46:15 -03 2022
#@# Surf Reg lh Sun Feb 20 03:08:07 -03 2022
#@# Surf Reg rh Sun Feb 20 03:45:54 -03 2022
#@# Jacobian white lh Sun Feb 20 04:22:22 -03 2022
#@# Jacobian white rh Sun Feb 20 04:22:23 -03 2022
#@# AvgCurv lh Sun Feb 20 04:22:24 -03 2022
#@# AvgCurv rh Sun Feb 20 04:22:26 -03 2022
#@# Cortical Parc lh Sun Feb 20 04:22:27 -03 2022
#@# Cortical Parc rh Sun Feb 20 04:22:41 -03 2022
#@# Make Pial Surf lh Sun Feb 20 04:22:51 -03 2022
#@# Make Pial Surf rh Sun Feb 20 04:32:55 -03 2022
#@# Surf Volume lh Sun Feb 20 04:42:57 -03 2022
#@# Surf Volume rh Sun Feb 20 04:42:59 -03 2022
#@# Cortical ribbon mask Sun Feb 20 04:43:02 -03 2022
#@# Parcellation Stats lh Sun Feb 20 04:49:29 -03 2022
#@# Parcellation Stats rh Sun Feb 20 04:50:16 -03 2022
#@# Cortical Parc 2 lh Sun Feb 20 04:51:04 -03 2022
#@# Cortical Parc 2 rh Sun Feb 20 04:51:23 -03 2022
#@# Parcellation Stats 2 lh Sun Feb 20 04:51:36 -03 2022
#@# Parcellation Stats 2 rh Sun Feb 20 04:52:00 -03 2022
#@# Cortical Parc 3 lh Sun Feb 20 04:52:26 -03 2022
#@# Cortical Parc 3 rh Sun Feb 20 04:52:36 -03 2022
#@# Parcellation Stats 3 lh Sun Feb 20 04:52:46 -03 2022
#@# Parcellation Stats 3 rh Sun Feb 20 04:53:11 -03 2022
#@# WM/GM Contrast lh Sun Feb 20 04:53:37 -03 2022
#@# WM/GM Contrast rh Sun Feb 20 04:53:45 -03 2022
#@# Relabel Hypointensities Sun Feb 20 04:53:50 -03 2022
#@# AParc-to-ASeg aparc Sun Feb 20 04:54:06 -03 2022
#@# AParc-to-ASeg a2009s Sun Feb 20 04:58:09 -03 2022
#@# AParc-to-ASeg DKTatlas Sun Feb 20 05:02:17 -03 2022
#@# APas-to-ASeg Sun Feb 20 05:06:15 -03 2022
#@# ASeg Stats Sun Feb 20 05:06:20 -03 2022
#@# WMParc Sun Feb 20 05:08:05 -03 2022
#@# BA_exvivo Labels lh Sun Feb 20 05:15:21 -03 2022
#@# BA_exvivo Labels rh Sun Feb 20 05:19:06 -03 2022
recon-all -s A00073677 finished without error at Sun Feb 20 05:22:59 -03 2022
