status file for recon-all
Wed Oct 20 21:36:46 -03 2021
#@# MotionCor Wed Oct 20 21:36:46 -03 2021
#@# Talairach Wed Oct 20 21:36:59 -03 2021
#@# Talairach Failure Detection Wed Oct 20 21:39:09 -03 2021
#@# Nu Intensity Correction Wed Oct 20 21:39:10 -03 2021
#@# Intensity Normalization Wed Oct 20 21:41:49 -03 2021
#@# Skull Stripping Wed Oct 20 21:43:40 -03 2021
#@# EM Registration Wed Oct 20 22:01:30 -03 2021
#@# CA Normalize Wed Oct 20 22:14:18 -03 2021
#@# CA Reg Wed Oct 20 22:16:26 -03 2021
#@# SubCort Seg Thu Oct 21 00:12:56 -03 2021
#@# Merge ASeg Thu Oct 21 01:06:45 -03 2021
#@# Intensity Normalization2 Thu Oct 21 01:06:45 -03 2021
#@# Mask BFS Thu Oct 21 01:10:15 -03 2021
#@# WM Segmentation Thu Oct 21 01:10:17 -03 2021
#@# Fill Thu Oct 21 01:12:36 -03 2021
#@# Tessellate lh Thu Oct 21 01:13:20 -03 2021
#@# Tessellate rh Thu Oct 21 01:13:25 -03 2021
#@# Smooth1 lh Thu Oct 21 01:13:31 -03 2021
#@# Smooth1 rh Thu Oct 21 01:13:36 -03 2021
#@# Inflation1 lh Thu Oct 21 01:13:40 -03 2021
#@# Inflation1 rh Thu Oct 21 01:14:05 -03 2021
#@# QSphere lh Thu Oct 21 01:14:29 -03 2021
#@# QSphere rh Thu Oct 21 01:17:03 -03 2021
#@# Fix Topology Copy lh Thu Oct 21 01:19:59 -03 2021
#@# Fix Topology Copy rh Thu Oct 21 01:19:59 -03 2021
#@# Fix Topology lh Thu Oct 21 01:20:00 -03 2021
#@# Fix Topology rh Thu Oct 21 01:34:58 -03 2021
#@# Make White Surf lh Thu Oct 21 01:41:59 -03 2021
#@# Make White Surf rh Thu Oct 21 01:45:27 -03 2021
#@# Smooth2 lh Thu Oct 21 01:48:53 -03 2021
#@# Smooth2 rh Thu Oct 21 01:48:57 -03 2021
#@# Inflation2 lh Thu Oct 21 01:49:01 -03 2021
#@# Inflation2 rh Thu Oct 21 01:49:26 -03 2021
#@# Curv .H and .K lh Thu Oct 21 01:49:51 -03 2021
#@# Curv .H and .K rh Thu Oct 21 01:50:48 -03 2021
#@# Curvature Stats lh Thu Oct 21 01:51:48 -03 2021
#@# Curvature Stats rh Thu Oct 21 01:51:51 -03 2021
#@# Sphere lh Thu Oct 21 01:51:54 -03 2021
#@# Sphere rh Thu Oct 21 02:08:32 -03 2021
#@# Surf Reg lh Thu Oct 21 02:25:02 -03 2021
#@# Surf Reg rh Thu Oct 21 02:54:22 -03 2021
#@# Jacobian white lh Thu Oct 21 03:29:32 -03 2021
#@# Jacobian white rh Thu Oct 21 03:29:34 -03 2021
#@# AvgCurv lh Thu Oct 21 03:29:35 -03 2021
#@# AvgCurv rh Thu Oct 21 03:29:36 -03 2021
#@# Cortical Parc lh Thu Oct 21 03:29:37 -03 2021
#@# Cortical Parc rh Thu Oct 21 03:29:51 -03 2021
#@# Make Pial Surf lh Thu Oct 21 03:30:01 -03 2021
#@# Make Pial Surf rh Thu Oct 21 03:39:31 -03 2021
#@# Surf Volume lh Thu Oct 21 03:49:00 -03 2021
#@# Surf Volume rh Thu Oct 21 03:49:03 -03 2021
#@# Cortical ribbon mask Thu Oct 21 03:49:05 -03 2021
#@# Parcellation Stats lh Thu Oct 21 03:54:43 -03 2021
#@# Parcellation Stats rh Thu Oct 21 03:55:35 -03 2021
#@# Cortical Parc 2 lh Thu Oct 21 03:56:23 -03 2021
#@# Cortical Parc 2 rh Thu Oct 21 03:56:35 -03 2021
#@# Parcellation Stats 2 lh Thu Oct 21 03:56:52 -03 2021
#@# Parcellation Stats 2 rh Thu Oct 21 03:57:16 -03 2021
#@# Cortical Parc 3 lh Thu Oct 21 03:57:42 -03 2021
#@# Cortical Parc 3 rh Thu Oct 21 03:57:52 -03 2021
#@# Parcellation Stats 3 lh Thu Oct 21 03:58:02 -03 2021
#@# Parcellation Stats 3 rh Thu Oct 21 03:58:32 -03 2021
#@# WM/GM Contrast lh Thu Oct 21 03:58:56 -03 2021
#@# WM/GM Contrast rh Thu Oct 21 03:59:01 -03 2021
#@# Relabel Hypointensities Thu Oct 21 03:59:05 -03 2021
#@# AParc-to-ASeg aparc Thu Oct 21 03:59:21 -03 2021
#@# AParc-to-ASeg a2009s Thu Oct 21 04:03:01 -03 2021
#@# AParc-to-ASeg DKTatlas Thu Oct 21 04:06:46 -03 2021
#@# APas-to-ASeg Thu Oct 21 04:10:29 -03 2021
#@# ASeg Stats Thu Oct 21 04:10:37 -03 2021
#@# WMParc Thu Oct 21 04:13:05 -03 2021
#@# BA_exvivo Labels lh Thu Oct 21 04:20:51 -03 2021
#@# BA_exvivo Labels rh Thu Oct 21 04:24:31 -03 2021
recon-all -s A00008326 finished without error at Thu Oct 21 04:28:15 -03 2021



New invocation of recon-all 



status file for recon-all
Mon Oct 25 20:48:31 -03 2021
#@# MotionCor Mon Oct 25 20:48:33 -03 2021
#@# Talairach Mon Oct 25 20:49:30 -03 2021
#@# Talairach Failure Detection Mon Oct 25 21:28:08 -03 2021
#@# Nu Intensity Correction Mon Oct 25 21:28:28 -03 2021
#@# Intensity Normalization Mon Oct 25 22:35:10 -03 2021
#@# Skull Stripping Mon Oct 25 22:37:34 -03 2021
#@# EM Registration Mon Oct 25 22:39:51 -03 2021
#@# CA Normalize Mon Oct 25 22:53:23 -03 2021
#@# CA Reg Mon Oct 25 22:55:20 -03 2021
#@# SubCort Seg Tue Oct 26 01:15:21 -03 2021
#@# Merge ASeg Tue Oct 26 02:11:40 -03 2021
#@# Intensity Normalization2 Tue Oct 26 02:11:40 -03 2021
#@# Mask BFS Tue Oct 26 02:15:04 -03 2021
#@# WM Segmentation Tue Oct 26 02:15:06 -03 2021
#@# Fill Tue Oct 26 02:17:27 -03 2021
#@# Tessellate lh Tue Oct 26 02:18:08 -03 2021
#@# Tessellate rh Tue Oct 26 02:18:14 -03 2021
#@# Smooth1 lh Tue Oct 26 02:18:22 -03 2021
#@# Smooth1 rh Tue Oct 26 02:18:26 -03 2021
#@# Inflation1 lh Tue Oct 26 02:18:30 -03 2021
#@# Inflation1 rh Tue Oct 26 02:18:54 -03 2021
#@# QSphere lh Tue Oct 26 02:19:21 -03 2021
#@# QSphere rh Tue Oct 26 02:21:51 -03 2021
#@# Fix Topology Copy lh Tue Oct 26 02:24:47 -03 2021
#@# Fix Topology Copy rh Tue Oct 26 02:24:48 -03 2021
#@# Fix Topology lh Tue Oct 26 02:24:48 -03 2021
#@# Fix Topology rh Tue Oct 26 02:39:29 -03 2021
#@# Make White Surf lh Tue Oct 26 02:46:20 -03 2021
#@# Make White Surf rh Tue Oct 26 02:49:40 -03 2021
#@# Smooth2 lh Tue Oct 26 02:52:58 -03 2021
#@# Smooth2 rh Tue Oct 26 02:53:02 -03 2021
#@# Inflation2 lh Tue Oct 26 02:53:11 -03 2021
#@# Inflation2 rh Tue Oct 26 02:53:35 -03 2021
#@# Curv .H and .K lh Tue Oct 26 02:54:01 -03 2021
#@# Curv .H and .K rh Tue Oct 26 02:55:00 -03 2021
#@# Curvature Stats lh Tue Oct 26 02:55:58 -03 2021
#@# Curvature Stats rh Tue Oct 26 02:56:01 -03 2021
#@# Sphere lh Tue Oct 26 02:56:04 -03 2021
#@# Sphere rh Tue Oct 26 03:11:32 -03 2021
#@# Surf Reg lh Tue Oct 26 03:27:04 -03 2021
#@# Surf Reg rh Tue Oct 26 03:55:08 -03 2021
#@# Jacobian white lh Tue Oct 26 04:29:55 -03 2021
#@# Jacobian white rh Tue Oct 26 04:29:56 -03 2021
#@# AvgCurv lh Tue Oct 26 04:29:58 -03 2021
#@# AvgCurv rh Tue Oct 26 04:29:59 -03 2021
#@# Cortical Parc lh Tue Oct 26 04:30:00 -03 2021
#@# Cortical Parc rh Tue Oct 26 04:30:17 -03 2021
#@# Make Pial Surf lh Tue Oct 26 04:30:27 -03 2021
#@# Make Pial Surf rh Tue Oct 26 04:40:05 -03 2021
#@# Surf Volume lh Tue Oct 26 04:49:41 -03 2021
#@# Surf Volume rh Tue Oct 26 04:49:48 -03 2021
#@# Cortical ribbon mask Tue Oct 26 04:49:50 -03 2021
#@# Parcellation Stats lh Tue Oct 26 04:57:45 -03 2021
#@# Parcellation Stats rh Tue Oct 26 04:58:46 -03 2021
#@# Cortical Parc 2 lh Tue Oct 26 04:59:45 -03 2021
#@# Cortical Parc 2 rh Tue Oct 26 04:59:58 -03 2021
#@# Parcellation Stats 2 lh Tue Oct 26 05:00:15 -03 2021
#@# Parcellation Stats 2 rh Tue Oct 26 05:00:46 -03 2021
#@# Cortical Parc 3 lh Tue Oct 26 05:01:17 -03 2021
#@# Cortical Parc 3 rh Tue Oct 26 05:01:31 -03 2021
#@# Parcellation Stats 3 lh Tue Oct 26 05:01:42 -03 2021
#@# Parcellation Stats 3 rh Tue Oct 26 05:02:11 -03 2021
#@# WM/GM Contrast lh Tue Oct 26 05:02:39 -03 2021
#@# WM/GM Contrast rh Tue Oct 26 05:02:44 -03 2021
#@# Relabel Hypointensities Tue Oct 26 05:02:52 -03 2021
#@# AParc-to-ASeg aparc Tue Oct 26 05:03:10 -03 2021
#@# AParc-to-ASeg a2009s Tue Oct 26 05:07:15 -03 2021
#@# AParc-to-ASeg DKTatlas Tue Oct 26 05:11:21 -03 2021
#@# APas-to-ASeg Tue Oct 26 05:15:17 -03 2021
#@# ASeg Stats Tue Oct 26 05:15:29 -03 2021
#@# WMParc Tue Oct 26 05:19:16 -03 2021
#@# BA_exvivo Labels lh Tue Oct 26 05:27:55 -03 2021
#@# BA_exvivo Labels rh Tue Oct 26 05:31:46 -03 2021
recon-all -s A00008326 finished without error at Tue Oct 26 05:35:32 -03 2021
