status file for recon-all
Sat Feb 19 19:13:54 -03 2022
#@# MotionCor Sat Feb 19 19:13:54 -03 2022
#@# Talairach Sat Feb 19 19:14:09 -03 2022
#@# Talairach Failure Detection Sat Feb 19 19:16:51 -03 2022
#@# Nu Intensity Correction Sat Feb 19 19:16:52 -03 2022
#@# Intensity Normalization Sat Feb 19 19:20:58 -03 2022
#@# Skull Stripping Sat Feb 19 19:23:03 -03 2022
#@# EM Registration Sat Feb 19 19:47:51 -03 2022
#@# CA Normalize Sat Feb 19 20:03:26 -03 2022
#@# CA Reg Sat Feb 19 20:05:05 -03 2022
#@# SubCort Seg Sat Feb 19 22:56:07 -03 2022
#@# Merge ASeg Sun Feb 20 00:03:21 -03 2022
#@# Intensity Normalization2 Sun Feb 20 00:03:21 -03 2022
#@# Mask BFS Sun Feb 20 00:06:46 -03 2022
#@# WM Segmentation Sun Feb 20 00:06:48 -03 2022
#@# Fill Sun Feb 20 00:09:06 -03 2022
#@# Tessellate lh Sun Feb 20 00:09:51 -03 2022
#@# Tessellate rh Sun Feb 20 00:10:03 -03 2022
#@# Smooth1 lh Sun Feb 20 00:10:09 -03 2022
#@# Smooth1 rh Sun Feb 20 00:10:14 -03 2022
#@# Inflation1 lh Sun Feb 20 00:10:25 -03 2022
#@# Inflation1 rh Sun Feb 20 00:10:55 -03 2022
#@# QSphere lh Sun Feb 20 00:11:28 -03 2022
#@# QSphere rh Sun Feb 20 00:14:30 -03 2022
#@# Fix Topology Copy lh Sun Feb 20 00:17:45 -03 2022
#@# Fix Topology Copy rh Sun Feb 20 00:17:46 -03 2022
#@# Fix Topology lh Sun Feb 20 00:17:46 -03 2022
#@# Fix Topology rh Sun Feb 20 00:33:46 -03 2022
#@# Make White Surf lh Sun Feb 20 00:49:19 -03 2022
#@# Make White Surf rh Sun Feb 20 00:53:51 -03 2022
#@# Smooth2 lh Sun Feb 20 00:58:05 -03 2022
#@# Smooth2 rh Sun Feb 20 00:58:13 -03 2022
#@# Inflation2 lh Sun Feb 20 00:58:17 -03 2022
#@# Inflation2 rh Sun Feb 20 00:58:45 -03 2022
#@# Curv .H and .K lh Sun Feb 20 00:59:14 -03 2022
#@# Curv .H and .K rh Sun Feb 20 01:00:24 -03 2022
#@# Curvature Stats lh Sun Feb 20 01:01:33 -03 2022
#@# Curvature Stats rh Sun Feb 20 01:01:37 -03 2022
#@# Sphere lh Sun Feb 20 01:01:40 -03 2022
#@# Sphere rh Sun Feb 20 01:38:13 -03 2022
#@# Surf Reg lh Sun Feb 20 02:10:30 -03 2022
#@# Surf Reg rh Sun Feb 20 03:03:04 -03 2022
#@# Jacobian white lh Sun Feb 20 03:53:45 -03 2022
#@# Jacobian white rh Sun Feb 20 03:53:50 -03 2022
#@# AvgCurv lh Sun Feb 20 03:53:52 -03 2022
#@# AvgCurv rh Sun Feb 20 03:53:54 -03 2022
#@# Cortical Parc lh Sun Feb 20 03:53:55 -03 2022
#@# Cortical Parc rh Sun Feb 20 03:54:07 -03 2022
#@# Make Pial Surf lh Sun Feb 20 03:54:18 -03 2022
#@# Make Pial Surf rh Sun Feb 20 04:06:01 -03 2022
#@# Surf Volume lh Sun Feb 20 04:17:22 -03 2022
#@# Surf Volume rh Sun Feb 20 04:17:25 -03 2022
#@# Cortical ribbon mask Sun Feb 20 04:17:28 -03 2022
#@# Parcellation Stats lh Sun Feb 20 04:24:59 -03 2022
#@# Parcellation Stats rh Sun Feb 20 04:25:52 -03 2022
#@# Cortical Parc 2 lh Sun Feb 20 04:26:44 -03 2022
#@# Cortical Parc 2 rh Sun Feb 20 04:26:58 -03 2022
#@# Parcellation Stats 2 lh Sun Feb 20 04:27:12 -03 2022
#@# Parcellation Stats 2 rh Sun Feb 20 04:27:39 -03 2022
#@# Cortical Parc 3 lh Sun Feb 20 04:28:11 -03 2022
#@# Cortical Parc 3 rh Sun Feb 20 04:28:22 -03 2022
#@# Parcellation Stats 3 lh Sun Feb 20 04:28:33 -03 2022
#@# Parcellation Stats 3 rh Sun Feb 20 04:28:59 -03 2022
#@# WM/GM Contrast lh Sun Feb 20 04:29:25 -03 2022
#@# WM/GM Contrast rh Sun Feb 20 04:29:30 -03 2022
#@# Relabel Hypointensities Sun Feb 20 04:29:36 -03 2022
#@# AParc-to-ASeg aparc Sun Feb 20 04:29:53 -03 2022
#@# AParc-to-ASeg a2009s Sun Feb 20 04:33:38 -03 2022
#@# AParc-to-ASeg DKTatlas Sun Feb 20 04:37:19 -03 2022
#@# APas-to-ASeg Sun Feb 20 04:41:00 -03 2022
#@# ASeg Stats Sun Feb 20 04:41:05 -03 2022
#@# WMParc Sun Feb 20 04:42:56 -03 2022
#@# BA_exvivo Labels lh Sun Feb 20 04:50:47 -03 2022
#@# BA_exvivo Labels rh Sun Feb 20 04:55:04 -03 2022
recon-all -s A00073529 finished without error at Sun Feb 20 04:59:06 -03 2022
