status file for recon-all
Sat Feb 19 21:33:04 -03 2022
#@# MotionCor Sat Feb 19 21:33:04 -03 2022
#@# Talairach Sat Feb 19 21:33:24 -03 2022
#@# Talairach Failure Detection Sat Feb 19 21:37:06 -03 2022
#@# Nu Intensity Correction Sat Feb 19 21:37:07 -03 2022
#@# Intensity Normalization Sat Feb 19 21:41:16 -03 2022
#@# Skull Stripping Sat Feb 19 21:43:34 -03 2022
#@# EM Registration Sat Feb 19 22:12:09 -03 2022
#@# CA Normalize Sat Feb 19 22:32:01 -03 2022
#@# CA Reg Sat Feb 19 22:33:43 -03 2022
#@# SubCort Seg Sun Feb 20 01:15:31 -03 2022
#@# Merge ASeg Sun Feb 20 02:20:26 -03 2022
#@# Intensity Normalization2 Sun Feb 20 02:20:33 -03 2022
#@# Mask BFS Sun Feb 20 02:24:12 -03 2022
#@# WM Segmentation Sun Feb 20 02:24:15 -03 2022
#@# Fill Sun Feb 20 02:26:46 -03 2022
#@# Tessellate lh Sun Feb 20 02:27:37 -03 2022
#@# Tessellate rh Sun Feb 20 02:27:44 -03 2022
#@# Smooth1 lh Sun Feb 20 02:27:51 -03 2022
#@# Smooth1 rh Sun Feb 20 02:27:56 -03 2022
#@# Inflation1 lh Sun Feb 20 02:28:01 -03 2022
#@# Inflation1 rh Sun Feb 20 02:28:36 -03 2022
#@# QSphere lh Sun Feb 20 02:29:08 -03 2022
#@# QSphere rh Sun Feb 20 02:33:02 -03 2022
#@# Fix Topology Copy lh Sun Feb 20 02:36:24 -03 2022
#@# Fix Topology Copy rh Sun Feb 20 02:36:24 -03 2022
#@# Fix Topology lh Sun Feb 20 02:36:25 -03 2022
#@# Fix Topology rh Sun Feb 20 02:47:18 -03 2022
#@# Make White Surf lh Sun Feb 20 03:00:46 -03 2022
#@# Make White Surf rh Sun Feb 20 03:05:09 -03 2022
#@# Smooth2 lh Sun Feb 20 03:09:31 -03 2022
#@# Smooth2 rh Sun Feb 20 03:09:35 -03 2022
#@# Inflation2 lh Sun Feb 20 03:09:40 -03 2022
#@# Inflation2 rh Sun Feb 20 03:10:12 -03 2022
#@# Curv .H and .K lh Sun Feb 20 03:10:44 -03 2022
#@# Curv .H and .K rh Sun Feb 20 03:11:56 -03 2022
#@# Curvature Stats lh Sun Feb 20 03:13:07 -03 2022
#@# Curvature Stats rh Sun Feb 20 03:13:11 -03 2022
#@# Sphere lh Sun Feb 20 03:13:18 -03 2022
#@# Sphere rh Sun Feb 20 03:53:07 -03 2022
#@# Surf Reg lh Sun Feb 20 04:35:35 -03 2022
#@# Surf Reg rh Sun Feb 20 05:13:50 -03 2022
#@# Jacobian white lh Sun Feb 20 05:55:01 -03 2022
#@# Jacobian white rh Sun Feb 20 05:55:03 -03 2022
#@# AvgCurv lh Sun Feb 20 05:55:05 -03 2022
#@# AvgCurv rh Sun Feb 20 05:55:06 -03 2022
#@# Cortical Parc lh Sun Feb 20 05:55:07 -03 2022
#@# Cortical Parc rh Sun Feb 20 05:55:19 -03 2022
#@# Make Pial Surf lh Sun Feb 20 05:55:30 -03 2022
#@# Make Pial Surf rh Sun Feb 20 06:06:13 -03 2022
#@# Surf Volume lh Sun Feb 20 06:17:04 -03 2022
#@# Surf Volume rh Sun Feb 20 06:17:06 -03 2022
#@# Cortical ribbon mask Sun Feb 20 06:17:09 -03 2022
#@# Parcellation Stats lh Sun Feb 20 06:30:37 -03 2022
#@# Parcellation Stats rh Sun Feb 20 06:31:43 -03 2022
#@# Cortical Parc 2 lh Sun Feb 20 06:32:49 -03 2022
#@# Cortical Parc 2 rh Sun Feb 20 06:33:03 -03 2022
#@# Parcellation Stats 2 lh Sun Feb 20 06:33:18 -03 2022
#@# Parcellation Stats 2 rh Sun Feb 20 06:33:52 -03 2022
#@# Cortical Parc 3 lh Sun Feb 20 06:34:29 -03 2022
#@# Cortical Parc 3 rh Sun Feb 20 06:34:41 -03 2022
#@# Parcellation Stats 3 lh Sun Feb 20 06:34:53 -03 2022
#@# Parcellation Stats 3 rh Sun Feb 20 06:35:29 -03 2022
#@# WM/GM Contrast lh Sun Feb 20 06:36:02 -03 2022
#@# WM/GM Contrast rh Sun Feb 20 06:36:07 -03 2022
#@# Relabel Hypointensities Sun Feb 20 06:36:12 -03 2022
#@# AParc-to-ASeg aparc Sun Feb 20 06:36:30 -03 2022
#@# AParc-to-ASeg a2009s Sun Feb 20 06:40:47 -03 2022
#@# AParc-to-ASeg DKTatlas Sun Feb 20 06:45:04 -03 2022
#@# APas-to-ASeg Sun Feb 20 06:49:22 -03 2022
#@# ASeg Stats Sun Feb 20 06:49:30 -03 2022
#@# WMParc Sun Feb 20 06:53:08 -03 2022
#@# BA_exvivo Labels lh Sun Feb 20 07:01:58 -03 2022
#@# BA_exvivo Labels rh Sun Feb 20 07:05:49 -03 2022
recon-all -s A00073953 finished without error at Sun Feb 20 07:09:53 -03 2022
