status file for recon-all
Sat Feb 19 19:37:07 -03 2022
#@# MotionCor Sat Feb 19 19:37:07 -03 2022
#@# Talairach Sat Feb 19 19:37:26 -03 2022
#@# Talairach Failure Detection Sat Feb 19 19:40:47 -03 2022
#@# Nu Intensity Correction Sat Feb 19 19:40:47 -03 2022
#@# Intensity Normalization Sat Feb 19 19:44:23 -03 2022
#@# Skull Stripping Sat Feb 19 19:46:33 -03 2022
#@# EM Registration Sat Feb 19 20:14:29 -03 2022
#@# CA Normalize Sat Feb 19 20:40:55 -03 2022
#@# CA Reg Sat Feb 19 20:42:37 -03 2022
#@# SubCort Seg Sat Feb 19 23:24:16 -03 2022
#@# Merge ASeg Sun Feb 20 00:13:25 -03 2022
#@# Intensity Normalization2 Sun Feb 20 00:13:25 -03 2022
#@# Mask BFS Sun Feb 20 00:16:40 -03 2022
#@# WM Segmentation Sun Feb 20 00:16:42 -03 2022
#@# Fill Sun Feb 20 00:18:36 -03 2022
#@# Tessellate lh Sun Feb 20 00:19:18 -03 2022
#@# Tessellate rh Sun Feb 20 00:19:23 -03 2022
#@# Smooth1 lh Sun Feb 20 00:19:29 -03 2022
#@# Smooth1 rh Sun Feb 20 00:19:34 -03 2022
#@# Inflation1 lh Sun Feb 20 00:19:43 -03 2022
#@# Inflation1 rh Sun Feb 20 00:20:11 -03 2022
#@# QSphere lh Sun Feb 20 00:20:40 -03 2022
#@# QSphere rh Sun Feb 20 00:23:42 -03 2022
#@# Fix Topology Copy lh Sun Feb 20 00:26:49 -03 2022
#@# Fix Topology Copy rh Sun Feb 20 00:26:50 -03 2022
#@# Fix Topology lh Sun Feb 20 00:26:50 -03 2022
#@# Fix Topology rh Sun Feb 20 00:44:20 -03 2022
#@# Make White Surf lh Sun Feb 20 00:57:40 -03 2022
#@# Make White Surf rh Sun Feb 20 01:02:18 -03 2022
#@# Smooth2 lh Sun Feb 20 01:06:47 -03 2022
#@# Smooth2 rh Sun Feb 20 01:06:52 -03 2022
#@# Inflation2 lh Sun Feb 20 01:06:57 -03 2022
#@# Inflation2 rh Sun Feb 20 01:07:25 -03 2022
#@# Curv .H and .K lh Sun Feb 20 01:07:54 -03 2022
#@# Curv .H and .K rh Sun Feb 20 01:09:06 -03 2022
#@# Curvature Stats lh Sun Feb 20 01:10:18 -03 2022
#@# Curvature Stats rh Sun Feb 20 01:10:21 -03 2022
#@# Sphere lh Sun Feb 20 01:10:25 -03 2022
#@# Sphere rh Sun Feb 20 01:48:23 -03 2022
#@# Surf Reg lh Sun Feb 20 02:15:29 -03 2022
#@# Surf Reg rh Sun Feb 20 02:55:37 -03 2022
#@# Jacobian white lh Sun Feb 20 03:39:30 -03 2022
#@# Jacobian white rh Sun Feb 20 03:39:32 -03 2022
#@# AvgCurv lh Sun Feb 20 03:39:34 -03 2022
#@# AvgCurv rh Sun Feb 20 03:39:36 -03 2022
#@# Cortical Parc lh Sun Feb 20 03:39:42 -03 2022
#@# Cortical Parc rh Sun Feb 20 03:39:54 -03 2022
#@# Make Pial Surf lh Sun Feb 20 03:40:07 -03 2022
#@# Make Pial Surf rh Sun Feb 20 03:53:10 -03 2022
#@# Surf Volume lh Sun Feb 20 04:06:22 -03 2022
#@# Surf Volume rh Sun Feb 20 04:06:25 -03 2022
#@# Cortical ribbon mask Sun Feb 20 04:06:28 -03 2022
#@# Parcellation Stats lh Sun Feb 20 04:20:23 -03 2022
#@# Parcellation Stats rh Sun Feb 20 04:21:29 -03 2022
#@# Cortical Parc 2 lh Sun Feb 20 04:22:31 -03 2022
#@# Cortical Parc 2 rh Sun Feb 20 04:22:45 -03 2022
#@# Parcellation Stats 2 lh Sun Feb 20 04:23:01 -03 2022
#@# Parcellation Stats 2 rh Sun Feb 20 04:23:32 -03 2022
#@# Cortical Parc 3 lh Sun Feb 20 04:24:04 -03 2022
#@# Cortical Parc 3 rh Sun Feb 20 04:24:15 -03 2022
#@# Parcellation Stats 3 lh Sun Feb 20 04:24:28 -03 2022
#@# Parcellation Stats 3 rh Sun Feb 20 04:25:00 -03 2022
#@# WM/GM Contrast lh Sun Feb 20 04:25:29 -03 2022
#@# WM/GM Contrast rh Sun Feb 20 04:25:35 -03 2022
#@# Relabel Hypointensities Sun Feb 20 04:25:40 -03 2022
#@# AParc-to-ASeg aparc Sun Feb 20 04:25:59 -03 2022
#@# AParc-to-ASeg a2009s Sun Feb 20 04:30:45 -03 2022
#@# AParc-to-ASeg DKTatlas Sun Feb 20 04:35:35 -03 2022
#@# APas-to-ASeg Sun Feb 20 04:40:21 -03 2022
#@# ASeg Stats Sun Feb 20 04:40:27 -03 2022
#@# WMParc Sun Feb 20 04:42:26 -03 2022
#@# BA_exvivo Labels lh Sun Feb 20 04:50:16 -03 2022
#@# BA_exvivo Labels rh Sun Feb 20 04:54:27 -03 2022
recon-all -s A00073600 finished without error at Sun Feb 20 04:58:39 -03 2022
