status file for recon-all
Sat Feb 19 22:26:59 -03 2022
#@# MotionCor Sat Feb 19 22:26:59 -03 2022
#@# Talairach Sat Feb 19 22:27:12 -03 2022
#@# Talairach Failure Detection Sat Feb 19 22:30:05 -03 2022
#@# Nu Intensity Correction Sat Feb 19 22:30:05 -03 2022
#@# Intensity Normalization Sat Feb 19 22:33:44 -03 2022
#@# Skull Stripping Sat Feb 19 22:35:51 -03 2022
#@# EM Registration Sat Feb 19 22:59:04 -03 2022
#@# CA Normalize Sat Feb 19 23:21:24 -03 2022
#@# CA Reg Sat Feb 19 23:23:01 -03 2022
#@# SubCort Seg Sun Feb 20 01:52:59 -03 2022
#@# Merge ASeg Sun Feb 20 02:45:29 -03 2022
#@# Intensity Normalization2 Sun Feb 20 02:45:29 -03 2022
#@# Mask BFS Sun Feb 20 02:48:26 -03 2022
#@# WM Segmentation Sun Feb 20 02:48:28 -03 2022
#@# Fill Sun Feb 20 02:50:38 -03 2022
#@# Tessellate lh Sun Feb 20 02:51:16 -03 2022
#@# Tessellate rh Sun Feb 20 02:51:23 -03 2022
#@# Smooth1 lh Sun Feb 20 02:51:33 -03 2022
#@# Smooth1 rh Sun Feb 20 02:51:38 -03 2022
#@# Inflation1 lh Sun Feb 20 02:51:43 -03 2022
#@# Inflation1 rh Sun Feb 20 02:52:17 -03 2022
#@# QSphere lh Sun Feb 20 02:52:50 -03 2022
#@# QSphere rh Sun Feb 20 02:56:07 -03 2022
#@# Fix Topology Copy lh Sun Feb 20 02:59:35 -03 2022
#@# Fix Topology Copy rh Sun Feb 20 02:59:36 -03 2022
#@# Fix Topology lh Sun Feb 20 02:59:36 -03 2022
#@# Fix Topology rh Sun Feb 20 04:42:25 -03 2022
#@# Make White Surf lh Sun Feb 20 05:14:55 -03 2022
#@# Make White Surf rh Sun Feb 20 05:18:40 -03 2022
#@# Smooth2 lh Sun Feb 20 05:22:41 -03 2022
#@# Smooth2 rh Sun Feb 20 05:22:46 -03 2022
#@# Inflation2 lh Sun Feb 20 05:22:50 -03 2022
#@# Inflation2 rh Sun Feb 20 05:23:21 -03 2022
#@# Curv .H and .K lh Sun Feb 20 05:23:50 -03 2022
#@# Curv .H and .K rh Sun Feb 20 05:24:56 -03 2022
#@# Curvature Stats lh Sun Feb 20 05:26:02 -03 2022
#@# Curvature Stats rh Sun Feb 20 05:26:11 -03 2022
#@# Sphere lh Sun Feb 20 05:26:15 -03 2022
#@# Sphere rh Sun Feb 20 06:02:44 -03 2022
#@# Surf Reg lh Sun Feb 20 06:54:48 -03 2022
#@# Surf Reg rh Sun Feb 20 07:37:43 -03 2022
#@# Jacobian white lh Sun Feb 20 08:28:01 -03 2022
#@# Jacobian white rh Sun Feb 20 08:28:03 -03 2022
#@# AvgCurv lh Sun Feb 20 08:28:05 -03 2022
#@# AvgCurv rh Sun Feb 20 08:28:06 -03 2022
#@# Cortical Parc lh Sun Feb 20 08:28:07 -03 2022
#@# Cortical Parc rh Sun Feb 20 08:28:20 -03 2022
#@# Make Pial Surf lh Sun Feb 20 08:28:31 -03 2022
#@# Make Pial Surf rh Sun Feb 20 08:40:05 -03 2022
#@# Surf Volume lh Sun Feb 20 08:51:42 -03 2022
#@# Surf Volume rh Sun Feb 20 08:51:44 -03 2022
#@# Cortical ribbon mask Sun Feb 20 08:51:47 -03 2022
#@# Parcellation Stats lh Sun Feb 20 09:02:09 -03 2022
#@# Parcellation Stats rh Sun Feb 20 09:03:15 -03 2022
#@# Cortical Parc 2 lh Sun Feb 20 09:04:16 -03 2022
#@# Cortical Parc 2 rh Sun Feb 20 09:04:30 -03 2022
#@# Parcellation Stats 2 lh Sun Feb 20 09:04:43 -03 2022
#@# Parcellation Stats 2 rh Sun Feb 20 09:05:15 -03 2022
#@# Cortical Parc 3 lh Sun Feb 20 09:05:47 -03 2022
#@# Cortical Parc 3 rh Sun Feb 20 09:06:00 -03 2022
#@# Parcellation Stats 3 lh Sun Feb 20 09:06:11 -03 2022
#@# Parcellation Stats 3 rh Sun Feb 20 09:06:43 -03 2022
#@# WM/GM Contrast lh Sun Feb 20 09:07:14 -03 2022
#@# WM/GM Contrast rh Sun Feb 20 09:07:21 -03 2022
#@# Relabel Hypointensities Sun Feb 20 09:07:26 -03 2022
#@# AParc-to-ASeg aparc Sun Feb 20 09:07:43 -03 2022
#@# AParc-to-ASeg a2009s Sun Feb 20 09:11:28 -03 2022
#@# AParc-to-ASeg DKTatlas Sun Feb 20 09:15:14 -03 2022
#@# APas-to-ASeg Sun Feb 20 09:18:59 -03 2022
#@# ASeg Stats Sun Feb 20 09:19:05 -03 2022
#@# WMParc Sun Feb 20 09:21:19 -03 2022
#@# BA_exvivo Labels lh Sun Feb 20 09:29:07 -03 2022
#@# BA_exvivo Labels rh Sun Feb 20 09:32:50 -03 2022
recon-all -s A00074034 finished without error at Sun Feb 20 09:36:34 -03 2022
