status file for recon-all
Sat Feb 19 18:44:33 -03 2022
#@# MotionCor Sat Feb 19 18:44:33 -03 2022
#@# Talairach Sat Feb 19 18:44:46 -03 2022
#@# Talairach Failure Detection Sat Feb 19 18:47:48 -03 2022
#@# Nu Intensity Correction Sat Feb 19 18:47:48 -03 2022
#@# Intensity Normalization Sat Feb 19 18:51:48 -03 2022
#@# Skull Stripping Sat Feb 19 18:53:56 -03 2022
#@# EM Registration Sat Feb 19 19:12:45 -03 2022
#@# CA Normalize Sat Feb 19 19:33:53 -03 2022
#@# CA Reg Sat Feb 19 19:35:30 -03 2022
#@# SubCort Seg Sat Feb 19 21:43:37 -03 2022
#@# Merge ASeg Sat Feb 19 22:53:18 -03 2022
#@# Intensity Normalization2 Sat Feb 19 22:53:18 -03 2022
#@# Mask BFS Sat Feb 19 22:56:51 -03 2022
#@# WM Segmentation Sat Feb 19 22:56:53 -03 2022
#@# Fill Sat Feb 19 22:59:31 -03 2022
#@# Tessellate lh Sat Feb 19 23:00:13 -03 2022
#@# Tessellate rh Sat Feb 19 23:00:26 -03 2022
#@# Smooth1 lh Sat Feb 19 23:00:32 -03 2022
#@# Smooth1 rh Sat Feb 19 23:00:38 -03 2022
#@# Inflation1 lh Sat Feb 19 23:00:45 -03 2022
#@# Inflation1 rh Sat Feb 19 23:01:25 -03 2022
#@# QSphere lh Sat Feb 19 23:02:05 -03 2022
#@# QSphere rh Sat Feb 19 23:05:52 -03 2022
#@# Fix Topology Copy lh Sat Feb 19 23:09:34 -03 2022
#@# Fix Topology Copy rh Sat Feb 19 23:09:35 -03 2022
#@# Fix Topology lh Sat Feb 19 23:09:35 -03 2022
#@# Fix Topology rh Sun Feb 20 15:42:56 -03 2022
#@# Make White Surf lh Sun Feb 20 17:15:43 -03 2022
#@# Make White Surf rh Sun Feb 20 17:19:24 -03 2022
#@# Smooth2 lh Sun Feb 20 17:23:19 -03 2022
#@# Smooth2 rh Sun Feb 20 17:23:23 -03 2022
#@# Inflation2 lh Sun Feb 20 17:23:27 -03 2022
#@# Inflation2 rh Sun Feb 20 17:23:55 -03 2022
#@# Curv .H and .K lh Sun Feb 20 17:24:24 -03 2022
#@# Curv .H and .K rh Sun Feb 20 17:25:23 -03 2022
#@# Curvature Stats lh Sun Feb 20 17:26:30 -03 2022
#@# Curvature Stats rh Sun Feb 20 17:26:34 -03 2022
#@# Sphere lh Sun Feb 20 17:26:37 -03 2022
#@# Sphere rh Sun Feb 20 17:59:07 -03 2022
#@# Surf Reg lh Sun Feb 20 18:48:48 -03 2022
#@# Surf Reg rh Sun Feb 20 19:26:05 -03 2022
#@# Jacobian white lh Sun Feb 20 20:28:02 -03 2022
#@# Jacobian white rh Sun Feb 20 20:28:04 -03 2022
#@# AvgCurv lh Sun Feb 20 20:28:06 -03 2022
#@# AvgCurv rh Sun Feb 20 20:28:07 -03 2022
#@# Cortical Parc lh Sun Feb 20 20:28:08 -03 2022
#@# Cortical Parc rh Sun Feb 20 20:28:18 -03 2022
#@# Make Pial Surf lh Sun Feb 20 20:28:29 -03 2022
#@# Make Pial Surf rh Sun Feb 20 20:39:03 -03 2022
#@# Surf Volume lh Sun Feb 20 20:49:32 -03 2022
#@# Surf Volume rh Sun Feb 20 20:49:35 -03 2022
#@# Cortical ribbon mask Sun Feb 20 20:49:38 -03 2022
#@# Parcellation Stats lh Sun Feb 20 20:58:10 -03 2022
#@# Parcellation Stats rh Sun Feb 20 20:59:07 -03 2022
#@# Cortical Parc 2 lh Sun Feb 20 21:00:08 -03 2022
#@# Cortical Parc 2 rh Sun Feb 20 21:00:21 -03 2022
#@# Parcellation Stats 2 lh Sun Feb 20 21:00:36 -03 2022
#@# Parcellation Stats 2 rh Sun Feb 20 21:01:05 -03 2022
#@# Cortical Parc 3 lh Sun Feb 20 21:01:36 -03 2022
#@# Cortical Parc 3 rh Sun Feb 20 21:01:46 -03 2022
#@# Parcellation Stats 3 lh Sun Feb 20 21:01:57 -03 2022
#@# Parcellation Stats 3 rh Sun Feb 20 21:02:26 -03 2022
#@# WM/GM Contrast lh Sun Feb 20 21:02:55 -03 2022
#@# WM/GM Contrast rh Sun Feb 20 21:03:00 -03 2022
#@# Relabel Hypointensities Sun Feb 20 21:03:06 -03 2022
#@# AParc-to-ASeg aparc Sun Feb 20 21:03:21 -03 2022
#@# AParc-to-ASeg a2009s Sun Feb 20 21:06:50 -03 2022
#@# AParc-to-ASeg DKTatlas Sun Feb 20 21:10:16 -03 2022
#@# APas-to-ASeg Sun Feb 20 21:13:45 -03 2022
#@# ASeg Stats Sun Feb 20 21:13:51 -03 2022
#@# WMParc Sun Feb 20 21:15:33 -03 2022
#@# BA_exvivo Labels lh Sun Feb 20 21:22:59 -03 2022
#@# BA_exvivo Labels rh Sun Feb 20 21:26:39 -03 2022
recon-all -s A00073283 finished without error at Sun Feb 20 21:30:25 -03 2022
