status file for recon-all
Sat Feb 19 18:59:50 -03 2022
#@# MotionCor Sat Feb 19 18:59:50 -03 2022
#@# Talairach Sat Feb 19 19:00:09 -03 2022
#@# Talairach Failure Detection Sat Feb 19 19:03:38 -03 2022
#@# Nu Intensity Correction Sat Feb 19 19:03:38 -03 2022
#@# Intensity Normalization Sat Feb 19 19:07:54 -03 2022
#@# Skull Stripping Sat Feb 19 19:10:13 -03 2022
#@# EM Registration Sat Feb 19 19:37:41 -03 2022
#@# CA Normalize Sat Feb 19 20:00:20 -03 2022
#@# CA Reg Sat Feb 19 20:01:59 -03 2022
#@# SubCort Seg Sat Feb 19 22:44:33 -03 2022
#@# Merge ASeg Sun Feb 20 00:00:04 -03 2022
#@# Intensity Normalization2 Sun Feb 20 00:00:04 -03 2022
#@# Mask BFS Sun Feb 20 00:03:08 -03 2022
#@# WM Segmentation Sun Feb 20 00:03:10 -03 2022
#@# Fill Sun Feb 20 00:05:26 -03 2022
#@# Tessellate lh Sun Feb 20 00:06:04 -03 2022
#@# Tessellate rh Sun Feb 20 00:06:14 -03 2022
#@# Smooth1 lh Sun Feb 20 00:06:20 -03 2022
#@# Smooth1 rh Sun Feb 20 00:06:26 -03 2022
#@# Inflation1 lh Sun Feb 20 00:06:35 -03 2022
#@# Inflation1 rh Sun Feb 20 00:07:07 -03 2022
#@# QSphere lh Sun Feb 20 00:07:41 -03 2022
#@# QSphere rh Sun Feb 20 00:11:00 -03 2022
#@# Fix Topology Copy lh Sun Feb 20 00:14:43 -03 2022
#@# Fix Topology Copy rh Sun Feb 20 00:14:44 -03 2022
#@# Fix Topology lh Sun Feb 20 00:14:44 -03 2022
#@# Fix Topology rh Sun Feb 20 00:42:58 -03 2022
#@# Make White Surf lh Sun Feb 20 01:02:24 -03 2022
#@# Make White Surf rh Sun Feb 20 01:07:09 -03 2022
#@# Smooth2 lh Sun Feb 20 01:11:53 -03 2022
#@# Smooth2 rh Sun Feb 20 01:11:58 -03 2022
#@# Inflation2 lh Sun Feb 20 01:12:04 -03 2022
#@# Inflation2 rh Sun Feb 20 01:12:37 -03 2022
#@# Curv .H and .K lh Sun Feb 20 01:13:15 -03 2022
#@# Curv .H and .K rh Sun Feb 20 01:15:01 -03 2022
#@# Curvature Stats lh Sun Feb 20 01:16:27 -03 2022
#@# Curvature Stats rh Sun Feb 20 01:16:31 -03 2022
#@# Sphere lh Sun Feb 20 01:16:38 -03 2022
#@# Sphere rh Sun Feb 20 01:59:42 -03 2022
#@# Surf Reg lh Sun Feb 20 02:45:44 -03 2022
#@# Surf Reg rh Sun Feb 20 03:36:35 -03 2022
#@# Jacobian white lh Sun Feb 20 04:35:46 -03 2022
#@# Jacobian white rh Sun Feb 20 04:35:48 -03 2022
#@# AvgCurv lh Sun Feb 20 04:35:50 -03 2022
#@# AvgCurv rh Sun Feb 20 04:35:52 -03 2022
#@# Cortical Parc lh Sun Feb 20 04:35:53 -03 2022
#@# Cortical Parc rh Sun Feb 20 04:36:06 -03 2022
#@# Make Pial Surf lh Sun Feb 20 04:36:19 -03 2022
#@# Make Pial Surf rh Sun Feb 20 04:50:11 -03 2022
#@# Surf Volume lh Sun Feb 20 05:03:59 -03 2022
#@# Surf Volume rh Sun Feb 20 05:04:03 -03 2022
#@# Cortical ribbon mask Sun Feb 20 05:04:06 -03 2022
#@# Parcellation Stats lh Sun Feb 20 05:13:13 -03 2022
#@# Parcellation Stats rh Sun Feb 20 05:14:14 -03 2022
#@# Cortical Parc 2 lh Sun Feb 20 05:15:16 -03 2022
#@# Cortical Parc 2 rh Sun Feb 20 05:15:31 -03 2022
#@# Parcellation Stats 2 lh Sun Feb 20 05:15:46 -03 2022
#@# Parcellation Stats 2 rh Sun Feb 20 05:16:20 -03 2022
#@# Cortical Parc 3 lh Sun Feb 20 05:16:51 -03 2022
#@# Cortical Parc 3 rh Sun Feb 20 05:17:03 -03 2022
#@# Parcellation Stats 3 lh Sun Feb 20 05:17:15 -03 2022
#@# Parcellation Stats 3 rh Sun Feb 20 05:17:49 -03 2022
#@# WM/GM Contrast lh Sun Feb 20 05:18:19 -03 2022
#@# WM/GM Contrast rh Sun Feb 20 05:18:28 -03 2022
#@# Relabel Hypointensities Sun Feb 20 05:18:33 -03 2022
#@# AParc-to-ASeg aparc Sun Feb 20 05:18:51 -03 2022
#@# AParc-to-ASeg a2009s Sun Feb 20 05:22:53 -03 2022
#@# AParc-to-ASeg DKTatlas Sun Feb 20 05:26:55 -03 2022
#@# APas-to-ASeg Sun Feb 20 05:30:56 -03 2022
#@# ASeg Stats Sun Feb 20 05:31:01 -03 2022
#@# WMParc Sun Feb 20 05:32:38 -03 2022
#@# BA_exvivo Labels lh Sun Feb 20 05:40:43 -03 2022
#@# BA_exvivo Labels rh Sun Feb 20 05:45:15 -03 2022
recon-all -s A00073330 finished without error at Sun Feb 20 05:49:46 -03 2022
