status file for recon-all
Sat Feb 19 18:37:37 -03 2022
#@# MotionCor Sat Feb 19 18:37:37 -03 2022
#@# Talairach Sat Feb 19 18:37:52 -03 2022
#@# Talairach Failure Detection Sat Feb 19 18:41:23 -03 2022
#@# Nu Intensity Correction Sat Feb 19 18:41:23 -03 2022
#@# Intensity Normalization Sat Feb 19 18:45:05 -03 2022
#@# Skull Stripping Sat Feb 19 18:47:39 -03 2022
#@# EM Registration Sat Feb 19 19:08:57 -03 2022
#@# CA Normalize Sat Feb 19 19:26:57 -03 2022
#@# CA Reg Sat Feb 19 19:28:35 -03 2022
#@# SubCort Seg Sat Feb 19 21:58:23 -03 2022
#@# Merge ASeg Sat Feb 19 23:00:33 -03 2022
#@# Intensity Normalization2 Sat Feb 19 23:00:33 -03 2022
#@# Mask BFS Sat Feb 19 23:04:11 -03 2022
#@# WM Segmentation Sat Feb 19 23:04:13 -03 2022
#@# Fill Sat Feb 19 23:06:37 -03 2022
#@# Tessellate lh Sat Feb 19 23:07:22 -03 2022
#@# Tessellate rh Sat Feb 19 23:07:28 -03 2022
#@# Smooth1 lh Sat Feb 19 23:07:34 -03 2022
#@# Smooth1 rh Sat Feb 19 23:07:40 -03 2022
#@# Inflation1 lh Sat Feb 19 23:07:45 -03 2022
#@# Inflation1 rh Sat Feb 19 23:08:16 -03 2022
#@# QSphere lh Sat Feb 19 23:08:50 -03 2022
#@# QSphere rh Sat Feb 19 23:12:08 -03 2022
#@# Fix Topology Copy lh Sat Feb 19 23:15:33 -03 2022
#@# Fix Topology Copy rh Sat Feb 19 23:15:34 -03 2022
#@# Fix Topology lh Sat Feb 19 23:15:34 -03 2022
#@# Fix Topology rh Sat Feb 19 23:28:41 -03 2022
#@# Make White Surf lh Sat Feb 19 23:39:37 -03 2022
#@# Make White Surf rh Sat Feb 19 23:43:42 -03 2022
#@# Smooth2 lh Sat Feb 19 23:47:51 -03 2022
#@# Smooth2 rh Sat Feb 19 23:47:55 -03 2022
#@# Inflation2 lh Sat Feb 19 23:48:00 -03 2022
#@# Inflation2 rh Sat Feb 19 23:48:30 -03 2022
#@# Curv .H and .K lh Sat Feb 19 23:49:02 -03 2022
#@# Curv .H and .K rh Sat Feb 19 23:50:11 -03 2022
#@# Curvature Stats lh Sat Feb 19 23:51:24 -03 2022
#@# Curvature Stats rh Sat Feb 19 23:51:28 -03 2022
#@# Sphere lh Sat Feb 19 23:51:32 -03 2022
#@# Sphere rh Sun Feb 20 00:29:29 -03 2022
#@# Surf Reg lh Sun Feb 20 01:11:25 -03 2022
#@# Surf Reg rh Sun Feb 20 01:49:14 -03 2022
#@# Jacobian white lh Sun Feb 20 02:32:34 -03 2022
#@# Jacobian white rh Sun Feb 20 02:32:36 -03 2022
#@# AvgCurv lh Sun Feb 20 02:32:38 -03 2022
#@# AvgCurv rh Sun Feb 20 02:32:39 -03 2022
#@# Cortical Parc lh Sun Feb 20 02:32:41 -03 2022
#@# Cortical Parc rh Sun Feb 20 02:32:52 -03 2022
#@# Make Pial Surf lh Sun Feb 20 02:33:03 -03 2022
#@# Make Pial Surf rh Sun Feb 20 02:44:48 -03 2022
#@# Surf Volume lh Sun Feb 20 02:56:50 -03 2022
#@# Surf Volume rh Sun Feb 20 02:56:53 -03 2022
#@# Cortical ribbon mask Sun Feb 20 02:56:56 -03 2022
#@# Parcellation Stats lh Sun Feb 20 03:05:28 -03 2022
#@# Parcellation Stats rh Sun Feb 20 03:06:25 -03 2022
#@# Cortical Parc 2 lh Sun Feb 20 03:07:27 -03 2022
#@# Cortical Parc 2 rh Sun Feb 20 03:07:42 -03 2022
#@# Parcellation Stats 2 lh Sun Feb 20 03:07:55 -03 2022
#@# Parcellation Stats 2 rh Sun Feb 20 03:08:29 -03 2022
#@# Cortical Parc 3 lh Sun Feb 20 03:08:59 -03 2022
#@# Cortical Parc 3 rh Sun Feb 20 03:09:10 -03 2022
#@# Parcellation Stats 3 lh Sun Feb 20 03:09:21 -03 2022
#@# Parcellation Stats 3 rh Sun Feb 20 03:09:49 -03 2022
#@# WM/GM Contrast lh Sun Feb 20 03:10:18 -03 2022
#@# WM/GM Contrast rh Sun Feb 20 03:10:22 -03 2022
#@# Relabel Hypointensities Sun Feb 20 03:10:28 -03 2022
#@# AParc-to-ASeg aparc Sun Feb 20 03:10:44 -03 2022
#@# AParc-to-ASeg a2009s Sun Feb 20 03:14:23 -03 2022
#@# AParc-to-ASeg DKTatlas Sun Feb 20 03:18:03 -03 2022
#@# APas-to-ASeg Sun Feb 20 03:21:47 -03 2022
#@# ASeg Stats Sun Feb 20 03:21:57 -03 2022
#@# WMParc Sun Feb 20 03:24:32 -03 2022
#@# BA_exvivo Labels lh Sun Feb 20 03:32:28 -03 2022
#@# BA_exvivo Labels rh Sun Feb 20 03:36:04 -03 2022
recon-all -s A00073230 finished without error at Sun Feb 20 03:39:43 -03 2022
