status file for recon-all
Sat Feb 19 19:11:04 -03 2022
#@# MotionCor Sat Feb 19 19:11:04 -03 2022
#@# Talairach Sat Feb 19 19:11:18 -03 2022
#@# Talairach Failure Detection Sat Feb 19 19:14:40 -03 2022
#@# Nu Intensity Correction Sat Feb 19 19:14:40 -03 2022
#@# Intensity Normalization Sat Feb 19 19:19:29 -03 2022
#@# Skull Stripping Sat Feb 19 19:21:44 -03 2022
#@# EM Registration Sat Feb 19 19:49:23 -03 2022
#@# CA Normalize Sat Feb 19 20:10:58 -03 2022
#@# CA Reg Sat Feb 19 20:12:41 -03 2022
#@# SubCort Seg Sat Feb 19 23:25:13 -03 2022
#@# Merge ASeg Sun Feb 20 00:30:30 -03 2022
#@# Intensity Normalization2 Sun Feb 20 00:30:30 -03 2022
#@# Mask BFS Sun Feb 20 00:33:44 -03 2022
#@# WM Segmentation Sun Feb 20 00:33:46 -03 2022
#@# Fill Sun Feb 20 00:36:00 -03 2022
#@# Tessellate lh Sun Feb 20 00:36:42 -03 2022
#@# Tessellate rh Sun Feb 20 00:36:51 -03 2022
#@# Smooth1 lh Sun Feb 20 00:36:56 -03 2022
#@# Smooth1 rh Sun Feb 20 00:37:01 -03 2022
#@# Inflation1 lh Sun Feb 20 00:37:06 -03 2022
#@# Inflation1 rh Sun Feb 20 00:37:34 -03 2022
#@# QSphere lh Sun Feb 20 00:38:02 -03 2022
#@# QSphere rh Sun Feb 20 00:40:56 -03 2022
#@# Fix Topology Copy lh Sun Feb 20 00:43:53 -03 2022
#@# Fix Topology Copy rh Sun Feb 20 00:43:53 -03 2022
#@# Fix Topology lh Sun Feb 20 00:43:54 -03 2022
#@# Fix Topology rh Sun Feb 20 00:53:54 -03 2022
#@# Make White Surf lh Sun Feb 20 01:09:37 -03 2022
#@# Make White Surf rh Sun Feb 20 01:14:04 -03 2022
#@# Smooth2 lh Sun Feb 20 01:18:22 -03 2022
#@# Smooth2 rh Sun Feb 20 01:18:33 -03 2022
#@# Inflation2 lh Sun Feb 20 01:18:38 -03 2022
#@# Inflation2 rh Sun Feb 20 01:19:07 -03 2022
#@# Curv .H and .K lh Sun Feb 20 01:19:37 -03 2022
#@# Curv .H and .K rh Sun Feb 20 01:20:47 -03 2022
#@# Curvature Stats lh Sun Feb 20 01:21:57 -03 2022
#@# Curvature Stats rh Sun Feb 20 01:22:01 -03 2022
#@# Sphere lh Sun Feb 20 01:22:08 -03 2022
#@# Sphere rh Sun Feb 20 01:59:14 -03 2022
#@# Surf Reg lh Sun Feb 20 02:33:23 -03 2022
#@# Surf Reg rh Sun Feb 20 03:14:16 -03 2022
#@# Jacobian white lh Sun Feb 20 03:57:32 -03 2022
#@# Jacobian white rh Sun Feb 20 03:57:34 -03 2022
#@# AvgCurv lh Sun Feb 20 03:57:36 -03 2022
#@# AvgCurv rh Sun Feb 20 03:57:38 -03 2022
#@# Cortical Parc lh Sun Feb 20 03:57:39 -03 2022
#@# Cortical Parc rh Sun Feb 20 03:57:51 -03 2022
#@# Make Pial Surf lh Sun Feb 20 03:58:03 -03 2022
#@# Make Pial Surf rh Sun Feb 20 04:10:04 -03 2022
#@# Surf Volume lh Sun Feb 20 04:22:41 -03 2022
#@# Surf Volume rh Sun Feb 20 04:22:44 -03 2022
#@# Cortical ribbon mask Sun Feb 20 04:22:46 -03 2022
#@# Parcellation Stats lh Sun Feb 20 04:32:49 -03 2022
#@# Parcellation Stats rh Sun Feb 20 04:33:56 -03 2022
#@# Cortical Parc 2 lh Sun Feb 20 04:35:03 -03 2022
#@# Cortical Parc 2 rh Sun Feb 20 04:35:18 -03 2022
#@# Parcellation Stats 2 lh Sun Feb 20 04:35:35 -03 2022
#@# Parcellation Stats 2 rh Sun Feb 20 04:36:05 -03 2022
#@# Cortical Parc 3 lh Sun Feb 20 04:36:35 -03 2022
#@# Cortical Parc 3 rh Sun Feb 20 04:36:51 -03 2022
#@# Parcellation Stats 3 lh Sun Feb 20 04:37:02 -03 2022
#@# Parcellation Stats 3 rh Sun Feb 20 04:37:30 -03 2022
#@# WM/GM Contrast lh Sun Feb 20 04:37:59 -03 2022
#@# WM/GM Contrast rh Sun Feb 20 04:38:08 -03 2022
#@# Relabel Hypointensities Sun Feb 20 04:38:13 -03 2022
#@# AParc-to-ASeg aparc Sun Feb 20 04:38:31 -03 2022
#@# AParc-to-ASeg a2009s Sun Feb 20 04:42:21 -03 2022
#@# AParc-to-ASeg DKTatlas Sun Feb 20 04:46:16 -03 2022
#@# APas-to-ASeg Sun Feb 20 04:50:10 -03 2022
#@# ASeg Stats Sun Feb 20 04:50:15 -03 2022
#@# WMParc Sun Feb 20 04:52:24 -03 2022
#@# BA_exvivo Labels lh Sun Feb 20 05:00:31 -03 2022
#@# BA_exvivo Labels rh Sun Feb 20 05:04:52 -03 2022
recon-all -s A00073525 finished without error at Sun Feb 20 05:09:16 -03 2022
