status file for recon-all
Sat Feb 19 19:20:14 -03 2022
#@# MotionCor Sat Feb 19 19:20:14 -03 2022
#@# Talairach Sat Feb 19 19:20:26 -03 2022
#@# Talairach Failure Detection Sat Feb 19 19:22:45 -03 2022
#@# Nu Intensity Correction Sat Feb 19 19:22:45 -03 2022
#@# Intensity Normalization Sat Feb 19 19:26:01 -03 2022
#@# Skull Stripping Sat Feb 19 19:28:08 -03 2022
#@# EM Registration Sat Feb 19 19:54:56 -03 2022
#@# CA Normalize Sat Feb 19 20:11:11 -03 2022
#@# CA Reg Sat Feb 19 20:12:51 -03 2022
#@# SubCort Seg Sat Feb 19 22:48:14 -03 2022
#@# Merge ASeg Sat Feb 19 23:50:15 -03 2022
#@# Intensity Normalization2 Sat Feb 19 23:50:15 -03 2022
#@# Mask BFS Sat Feb 19 23:53:44 -03 2022
#@# WM Segmentation Sat Feb 19 23:53:46 -03 2022
#@# Fill Sat Feb 19 23:56:13 -03 2022
#@# Tessellate lh Sat Feb 19 23:56:59 -03 2022
#@# Tessellate rh Sat Feb 19 23:57:09 -03 2022
#@# Smooth1 lh Sat Feb 19 23:57:16 -03 2022
#@# Smooth1 rh Sat Feb 19 23:57:22 -03 2022
#@# Inflation1 lh Sat Feb 19 23:57:28 -03 2022
#@# Inflation1 rh Sat Feb 19 23:58:02 -03 2022
#@# QSphere lh Sat Feb 19 23:58:35 -03 2022
#@# QSphere rh Sun Feb 20 00:02:01 -03 2022
#@# Fix Topology Copy lh Sun Feb 20 00:05:21 -03 2022
#@# Fix Topology Copy rh Sun Feb 20 00:05:22 -03 2022
#@# Fix Topology lh Sun Feb 20 00:05:22 -03 2022
#@# Fix Topology rh Sun Feb 20 09:05:06 -03 2022
#@# Make White Surf lh Sun Feb 20 14:40:30 -03 2022
#@# Make White Surf rh Sun Feb 20 14:43:39 -03 2022
#@# Smooth2 lh Sun Feb 20 14:46:48 -03 2022
#@# Smooth2 rh Sun Feb 20 14:46:52 -03 2022
#@# Inflation2 lh Sun Feb 20 14:46:59 -03 2022
#@# Inflation2 rh Sun Feb 20 14:47:26 -03 2022
#@# Curv .H and .K lh Sun Feb 20 14:47:51 -03 2022
#@# Curv .H and .K rh Sun Feb 20 14:48:52 -03 2022
#@# Curvature Stats lh Sun Feb 20 14:49:54 -03 2022
#@# Curvature Stats rh Sun Feb 20 14:49:57 -03 2022
#@# Sphere lh Sun Feb 20 14:50:00 -03 2022
#@# Sphere rh Sun Feb 20 15:23:24 -03 2022
#@# Surf Reg lh Sun Feb 20 16:31:57 -03 2022
#@# Surf Reg rh Sun Feb 20 17:13:55 -03 2022
#@# Jacobian white lh Sun Feb 20 18:01:40 -03 2022
#@# Jacobian white rh Sun Feb 20 18:01:41 -03 2022
#@# AvgCurv lh Sun Feb 20 18:01:43 -03 2022
#@# AvgCurv rh Sun Feb 20 18:01:44 -03 2022
#@# Cortical Parc lh Sun Feb 20 18:01:46 -03 2022
#@# Cortical Parc rh Sun Feb 20 18:02:00 -03 2022
#@# Make Pial Surf lh Sun Feb 20 18:02:10 -03 2022
#@# Make Pial Surf rh Sun Feb 20 18:13:41 -03 2022
#@# Surf Volume lh Sun Feb 20 18:25:27 -03 2022
#@# Surf Volume rh Sun Feb 20 18:25:30 -03 2022
#@# Cortical ribbon mask Sun Feb 20 18:25:33 -03 2022
#@# Parcellation Stats lh Sun Feb 20 18:32:25 -03 2022
#@# Parcellation Stats rh Sun Feb 20 18:33:13 -03 2022
#@# Cortical Parc 2 lh Sun Feb 20 18:34:05 -03 2022
#@# Cortical Parc 2 rh Sun Feb 20 18:34:18 -03 2022
#@# Parcellation Stats 2 lh Sun Feb 20 18:34:33 -03 2022
#@# Parcellation Stats 2 rh Sun Feb 20 18:34:57 -03 2022
#@# Cortical Parc 3 lh Sun Feb 20 18:35:22 -03 2022
#@# Cortical Parc 3 rh Sun Feb 20 18:35:32 -03 2022
#@# Parcellation Stats 3 lh Sun Feb 20 18:35:42 -03 2022
#@# Parcellation Stats 3 rh Sun Feb 20 18:36:07 -03 2022
#@# WM/GM Contrast lh Sun Feb 20 18:36:31 -03 2022
#@# WM/GM Contrast rh Sun Feb 20 18:36:37 -03 2022
#@# Relabel Hypointensities Sun Feb 20 18:36:46 -03 2022
#@# AParc-to-ASeg aparc Sun Feb 20 18:37:04 -03 2022
#@# AParc-to-ASeg a2009s Sun Feb 20 18:40:49 -03 2022
#@# AParc-to-ASeg DKTatlas Sun Feb 20 18:44:34 -03 2022
#@# APas-to-ASeg Sun Feb 20 18:48:18 -03 2022
#@# ASeg Stats Sun Feb 20 18:48:28 -03 2022
#@# WMParc Sun Feb 20 18:49:58 -03 2022
#@# BA_exvivo Labels lh Sun Feb 20 18:57:37 -03 2022
#@# BA_exvivo Labels rh Sun Feb 20 19:01:40 -03 2022
recon-all -s A00073545 finished without error at Sun Feb 20 19:05:43 -03 2022
