status file for recon-all
Sat Feb 19 19:44:47 -03 2022
#@# MotionCor Sat Feb 19 19:44:47 -03 2022
#@# Talairach Sat Feb 19 19:45:00 -03 2022
#@# Talairach Failure Detection Sat Feb 19 19:47:35 -03 2022
#@# Nu Intensity Correction Sat Feb 19 19:47:35 -03 2022
#@# Intensity Normalization Sat Feb 19 19:51:14 -03 2022
#@# Skull Stripping Sat Feb 19 19:53:16 -03 2022
#@# EM Registration Sat Feb 19 20:13:25 -03 2022
#@# CA Normalize Sat Feb 19 20:41:40 -03 2022
#@# CA Reg Sat Feb 19 20:43:22 -03 2022
#@# SubCort Seg Sat Feb 19 22:45:59 -03 2022
#@# Merge ASeg Sat Feb 19 23:48:13 -03 2022
#@# Intensity Normalization2 Sat Feb 19 23:48:13 -03 2022
#@# Mask BFS Sat Feb 19 23:51:39 -03 2022
#@# WM Segmentation Sat Feb 19 23:51:42 -03 2022
#@# Fill Sat Feb 19 23:54:02 -03 2022
#@# Tessellate lh Sat Feb 19 23:54:48 -03 2022
#@# Tessellate rh Sat Feb 19 23:54:59 -03 2022
#@# Smooth1 lh Sat Feb 19 23:55:06 -03 2022
#@# Smooth1 rh Sat Feb 19 23:55:10 -03 2022
#@# Inflation1 lh Sat Feb 19 23:55:17 -03 2022
#@# Inflation1 rh Sat Feb 19 23:55:42 -03 2022
#@# QSphere lh Sat Feb 19 23:56:08 -03 2022
#@# QSphere rh Sat Feb 19 23:58:43 -03 2022
#@# Fix Topology Copy lh Sun Feb 20 00:01:31 -03 2022
#@# Fix Topology Copy rh Sun Feb 20 00:01:32 -03 2022
#@# Fix Topology lh Sun Feb 20 00:01:32 -03 2022
#@# Fix Topology rh Sun Feb 20 00:23:36 -03 2022
#@# Make White Surf lh Sun Feb 20 00:38:17 -03 2022
#@# Make White Surf rh Sun Feb 20 00:41:51 -03 2022
#@# Smooth2 lh Sun Feb 20 00:45:30 -03 2022
#@# Smooth2 rh Sun Feb 20 00:45:34 -03 2022
#@# Inflation2 lh Sun Feb 20 00:45:39 -03 2022
#@# Inflation2 rh Sun Feb 20 00:46:07 -03 2022
#@# Curv .H and .K lh Sun Feb 20 00:46:33 -03 2022
#@# Curv .H and .K rh Sun Feb 20 00:47:38 -03 2022
#@# Curvature Stats lh Sun Feb 20 00:48:40 -03 2022
#@# Curvature Stats rh Sun Feb 20 00:48:44 -03 2022
#@# Sphere lh Sun Feb 20 00:48:47 -03 2022
#@# Sphere rh Sun Feb 20 01:18:33 -03 2022
#@# Surf Reg lh Sun Feb 20 01:55:14 -03 2022
#@# Surf Reg rh Sun Feb 20 02:30:40 -03 2022
#@# Jacobian white lh Sun Feb 20 03:06:55 -03 2022
#@# Jacobian white rh Sun Feb 20 03:06:57 -03 2022
#@# AvgCurv lh Sun Feb 20 03:06:59 -03 2022
#@# AvgCurv rh Sun Feb 20 03:07:04 -03 2022
#@# Cortical Parc lh Sun Feb 20 03:07:06 -03 2022
#@# Cortical Parc rh Sun Feb 20 03:07:16 -03 2022
#@# Make Pial Surf lh Sun Feb 20 03:07:25 -03 2022
#@# Make Pial Surf rh Sun Feb 20 03:17:21 -03 2022
#@# Surf Volume lh Sun Feb 20 03:27:32 -03 2022
#@# Surf Volume rh Sun Feb 20 03:27:35 -03 2022
#@# Cortical ribbon mask Sun Feb 20 03:27:37 -03 2022
#@# Parcellation Stats lh Sun Feb 20 03:34:43 -03 2022
#@# Parcellation Stats rh Sun Feb 20 03:35:35 -03 2022
#@# Cortical Parc 2 lh Sun Feb 20 03:36:26 -03 2022
#@# Cortical Parc 2 rh Sun Feb 20 03:36:38 -03 2022
#@# Parcellation Stats 2 lh Sun Feb 20 03:36:54 -03 2022
#@# Parcellation Stats 2 rh Sun Feb 20 03:37:22 -03 2022
#@# Cortical Parc 3 lh Sun Feb 20 03:37:50 -03 2022
#@# Cortical Parc 3 rh Sun Feb 20 03:38:00 -03 2022
#@# Parcellation Stats 3 lh Sun Feb 20 03:38:11 -03 2022
#@# Parcellation Stats 3 rh Sun Feb 20 03:38:35 -03 2022
#@# WM/GM Contrast lh Sun Feb 20 03:38:59 -03 2022
#@# WM/GM Contrast rh Sun Feb 20 03:39:04 -03 2022
#@# Relabel Hypointensities Sun Feb 20 03:39:08 -03 2022
#@# AParc-to-ASeg aparc Sun Feb 20 03:39:24 -03 2022
#@# AParc-to-ASeg a2009s Sun Feb 20 03:43:00 -03 2022
#@# AParc-to-ASeg DKTatlas Sun Feb 20 03:46:32 -03 2022
#@# APas-to-ASeg Sun Feb 20 03:50:09 -03 2022
#@# ASeg Stats Sun Feb 20 03:50:20 -03 2022
#@# WMParc Sun Feb 20 03:52:24 -03 2022
#@# BA_exvivo Labels lh Sun Feb 20 03:59:39 -03 2022
#@# BA_exvivo Labels rh Sun Feb 20 04:03:32 -03 2022
recon-all -s A00073611 finished without error at Sun Feb 20 04:07:28 -03 2022
