status file for recon-all
Sat Feb 19 22:14:47 -03 2022
#@# MotionCor Sat Feb 19 22:14:47 -03 2022
#@# Talairach Sat Feb 19 22:15:05 -03 2022
#@# Talairach Failure Detection Sat Feb 19 22:17:56 -03 2022
#@# Nu Intensity Correction Sat Feb 19 22:17:56 -03 2022
#@# Intensity Normalization Sat Feb 19 22:22:16 -03 2022
#@# Skull Stripping Sat Feb 19 22:24:28 -03 2022
#@# EM Registration Sat Feb 19 22:45:09 -03 2022
#@# CA Normalize Sat Feb 19 23:00:36 -03 2022
#@# CA Reg Sat Feb 19 23:02:16 -03 2022
#@# SubCort Seg Sun Feb 20 01:19:16 -03 2022
#@# Merge ASeg Sun Feb 20 02:32:58 -03 2022
#@# Intensity Normalization2 Sun Feb 20 02:32:58 -03 2022
#@# Mask BFS Sun Feb 20 02:36:14 -03 2022
#@# WM Segmentation Sun Feb 20 02:36:16 -03 2022
#@# Fill Sun Feb 20 02:38:39 -03 2022
#@# Tessellate lh Sun Feb 20 02:39:20 -03 2022
#@# Tessellate rh Sun Feb 20 02:39:27 -03 2022
#@# Smooth1 lh Sun Feb 20 02:39:35 -03 2022
#@# Smooth1 rh Sun Feb 20 02:39:41 -03 2022
#@# Inflation1 lh Sun Feb 20 02:39:51 -03 2022
#@# Inflation1 rh Sun Feb 20 02:40:31 -03 2022
#@# QSphere lh Sun Feb 20 02:41:03 -03 2022
#@# QSphere rh Sun Feb 20 02:44:26 -03 2022
#@# Fix Topology Copy lh Sun Feb 20 02:47:44 -03 2022
#@# Fix Topology Copy rh Sun Feb 20 02:47:45 -03 2022
#@# Fix Topology lh Sun Feb 20 02:47:45 -03 2022
#@# Fix Topology rh Sun Feb 20 09:13:41 -03 2022
#@# Make White Surf lh Sun Feb 20 09:38:41 -03 2022
#@# Make White Surf rh Sun Feb 20 09:43:07 -03 2022
#@# Smooth2 lh Sun Feb 20 09:47:37 -03 2022
#@# Smooth2 rh Sun Feb 20 09:47:42 -03 2022
#@# Inflation2 lh Sun Feb 20 09:47:47 -03 2022
#@# Inflation2 rh Sun Feb 20 09:48:18 -03 2022
#@# Curv .H and .K lh Sun Feb 20 09:48:49 -03 2022
#@# Curv .H and .K rh Sun Feb 20 09:50:02 -03 2022
#@# Curvature Stats lh Sun Feb 20 09:51:15 -03 2022
#@# Curvature Stats rh Sun Feb 20 09:51:18 -03 2022
#@# Sphere lh Sun Feb 20 09:51:22 -03 2022
#@# Sphere rh Sun Feb 20 10:34:51 -03 2022
#@# Surf Reg lh Sun Feb 20 11:15:23 -03 2022
#@# Surf Reg rh Sun Feb 20 12:04:20 -03 2022
#@# Jacobian white lh Sun Feb 20 12:50:54 -03 2022
#@# Jacobian white rh Sun Feb 20 12:50:55 -03 2022
#@# AvgCurv lh Sun Feb 20 12:50:57 -03 2022
#@# AvgCurv rh Sun Feb 20 12:50:58 -03 2022
#@# Cortical Parc lh Sun Feb 20 12:51:00 -03 2022
#@# Cortical Parc rh Sun Feb 20 12:51:11 -03 2022
#@# Make Pial Surf lh Sun Feb 20 12:51:22 -03 2022
#@# Make Pial Surf rh Sun Feb 20 13:04:05 -03 2022
#@# Surf Volume lh Sun Feb 20 13:16:52 -03 2022
#@# Surf Volume rh Sun Feb 20 13:16:55 -03 2022
#@# Cortical ribbon mask Sun Feb 20 13:16:58 -03 2022
#@# Parcellation Stats lh Sun Feb 20 13:25:04 -03 2022
#@# Parcellation Stats rh Sun Feb 20 13:26:02 -03 2022
#@# Cortical Parc 2 lh Sun Feb 20 13:27:02 -03 2022
#@# Cortical Parc 2 rh Sun Feb 20 13:27:21 -03 2022
#@# Parcellation Stats 2 lh Sun Feb 20 13:27:36 -03 2022
#@# Parcellation Stats 2 rh Sun Feb 20 13:28:05 -03 2022
#@# Cortical Parc 3 lh Sun Feb 20 13:28:39 -03 2022
#@# Cortical Parc 3 rh Sun Feb 20 13:28:50 -03 2022
#@# Parcellation Stats 3 lh Sun Feb 20 13:29:02 -03 2022
#@# Parcellation Stats 3 rh Sun Feb 20 13:29:34 -03 2022
#@# WM/GM Contrast lh Sun Feb 20 13:30:03 -03 2022
#@# WM/GM Contrast rh Sun Feb 20 13:30:13 -03 2022
#@# Relabel Hypointensities Sun Feb 20 13:30:21 -03 2022
#@# AParc-to-ASeg aparc Sun Feb 20 13:30:39 -03 2022
#@# AParc-to-ASeg a2009s Sun Feb 20 13:34:02 -03 2022
#@# AParc-to-ASeg DKTatlas Sun Feb 20 13:37:28 -03 2022
#@# APas-to-ASeg Sun Feb 20 13:40:51 -03 2022
#@# ASeg Stats Sun Feb 20 13:40:57 -03 2022
#@# WMParc Sun Feb 20 13:42:41 -03 2022
#@# BA_exvivo Labels lh Sun Feb 20 13:50:32 -03 2022
#@# BA_exvivo Labels rh Sun Feb 20 13:54:46 -03 2022
recon-all -s A00074000 finished without error at Sun Feb 20 13:59:14 -03 2022
