status file for recon-all
Sat Feb 19 21:31:34 -03 2022
#@# MotionCor Sat Feb 19 21:31:34 -03 2022
#@# Talairach Sat Feb 19 21:31:50 -03 2022
#@# Talairach Failure Detection Sat Feb 19 21:35:13 -03 2022
#@# Nu Intensity Correction Sat Feb 19 21:35:13 -03 2022
#@# Intensity Normalization Sat Feb 19 21:39:35 -03 2022
#@# Skull Stripping Sat Feb 19 21:41:48 -03 2022
#@# EM Registration Sat Feb 19 22:02:21 -03 2022
#@# CA Normalize Sat Feb 19 22:20:01 -03 2022
#@# CA Reg Sat Feb 19 22:21:43 -03 2022
#@# SubCort Seg Sun Feb 20 00:59:15 -03 2022
#@# Merge ASeg Sun Feb 20 01:56:14 -03 2022
#@# Intensity Normalization2 Sun Feb 20 01:56:15 -03 2022
#@# Mask BFS Sun Feb 20 01:59:37 -03 2022
#@# WM Segmentation Sun Feb 20 01:59:39 -03 2022
#@# Fill Sun Feb 20 02:01:59 -03 2022
#@# Tessellate lh Sun Feb 20 02:02:41 -03 2022
#@# Tessellate rh Sun Feb 20 02:02:48 -03 2022
#@# Smooth1 lh Sun Feb 20 02:02:57 -03 2022
#@# Smooth1 rh Sun Feb 20 02:03:01 -03 2022
#@# Inflation1 lh Sun Feb 20 02:03:05 -03 2022
#@# Inflation1 rh Sun Feb 20 02:03:33 -03 2022
#@# QSphere lh Sun Feb 20 02:04:03 -03 2022
#@# QSphere rh Sun Feb 20 02:06:59 -03 2022
#@# Fix Topology Copy lh Sun Feb 20 02:09:49 -03 2022
#@# Fix Topology Copy rh Sun Feb 20 02:09:50 -03 2022
#@# Fix Topology lh Sun Feb 20 02:09:50 -03 2022
#@# Fix Topology rh Sun Feb 20 02:38:21 -03 2022
#@# Make White Surf lh Sun Feb 20 03:03:06 -03 2022
#@# Make White Surf rh Sun Feb 20 03:06:14 -03 2022
#@# Smooth2 lh Sun Feb 20 03:09:19 -03 2022
#@# Smooth2 rh Sun Feb 20 03:09:28 -03 2022
#@# Inflation2 lh Sun Feb 20 03:09:32 -03 2022
#@# Inflation2 rh Sun Feb 20 03:09:56 -03 2022
#@# Curv .H and .K lh Sun Feb 20 03:10:21 -03 2022
#@# Curv .H and .K rh Sun Feb 20 03:11:15 -03 2022
#@# Curvature Stats lh Sun Feb 20 03:12:09 -03 2022
#@# Curvature Stats rh Sun Feb 20 03:12:18 -03 2022
#@# Sphere lh Sun Feb 20 03:12:21 -03 2022
#@# Sphere rh Sun Feb 20 03:31:26 -03 2022
#@# Surf Reg lh Sun Feb 20 03:50:36 -03 2022
#@# Surf Reg rh Sun Feb 20 04:24:55 -03 2022
#@# Jacobian white lh Sun Feb 20 04:59:00 -03 2022
#@# Jacobian white rh Sun Feb 20 04:59:03 -03 2022
#@# AvgCurv lh Sun Feb 20 04:59:04 -03 2022
#@# AvgCurv rh Sun Feb 20 04:59:06 -03 2022
#@# Cortical Parc lh Sun Feb 20 04:59:07 -03 2022
#@# Cortical Parc rh Sun Feb 20 04:59:15 -03 2022
#@# Make Pial Surf lh Sun Feb 20 04:59:23 -03 2022
#@# Make Pial Surf rh Sun Feb 20 05:08:12 -03 2022
#@# Surf Volume lh Sun Feb 20 05:17:08 -03 2022
#@# Surf Volume rh Sun Feb 20 05:17:10 -03 2022
#@# Cortical ribbon mask Sun Feb 20 05:17:12 -03 2022
#@# Parcellation Stats lh Sun Feb 20 05:21:47 -03 2022
#@# Parcellation Stats rh Sun Feb 20 05:22:32 -03 2022
#@# Cortical Parc 2 lh Sun Feb 20 05:23:22 -03 2022
#@# Cortical Parc 2 rh Sun Feb 20 05:23:33 -03 2022
#@# Parcellation Stats 2 lh Sun Feb 20 05:23:44 -03 2022
#@# Parcellation Stats 2 rh Sun Feb 20 05:24:08 -03 2022
#@# Cortical Parc 3 lh Sun Feb 20 05:24:31 -03 2022
#@# Cortical Parc 3 rh Sun Feb 20 05:24:40 -03 2022
#@# Parcellation Stats 3 lh Sun Feb 20 05:24:49 -03 2022
#@# Parcellation Stats 3 rh Sun Feb 20 05:25:11 -03 2022
#@# WM/GM Contrast lh Sun Feb 20 05:25:33 -03 2022
#@# WM/GM Contrast rh Sun Feb 20 05:25:38 -03 2022
#@# Relabel Hypointensities Sun Feb 20 05:25:42 -03 2022
#@# AParc-to-ASeg aparc Sun Feb 20 05:25:55 -03 2022
#@# AParc-to-ASeg a2009s Sun Feb 20 05:29:11 -03 2022
#@# AParc-to-ASeg DKTatlas Sun Feb 20 05:32:23 -03 2022
#@# APas-to-ASeg Sun Feb 20 05:35:38 -03 2022
#@# ASeg Stats Sun Feb 20 05:35:44 -03 2022
#@# WMParc Sun Feb 20 05:37:33 -03 2022
#@# BA_exvivo Labels lh Sun Feb 20 05:44:34 -03 2022
#@# BA_exvivo Labels rh Sun Feb 20 05:47:52 -03 2022
recon-all -s A00073942 finished without error at Sun Feb 20 05:51:03 -03 2022
